2022-07-28 10:01:38,705 [Worker-4: Loading available Gradle versions] INFO  o.e.b.c.i.u.g.PublishedGradleVersions - Gradle version information cache is up-to-date. Trying to read.
2022-07-28 10:02:52,208 [Worker-2: Building] INFO  o.e.m.c.i.l.LifecycleMappingFactory - Using org.eclipse.m2e.jdt.JarLifecycleMapping lifecycle mapping for MavenProject: qaclickacademy:Mavenjava:1.0-SNAPSHOT @ C:\Users\Jagan Mohan Reddy\OneDrive\Desktop\GitDemo\Gitdemo\pom.xml.
2022-07-28 10:02:53,172 [Worker-2: Building] WARN  o.e.m.c.i.embedder.EclipseLogger - Using platform encoding (UTF-8 actually) to copy filtered resources, i.e. build is platform dependent!
2022-07-28 10:02:53,173 [Worker-2: Building] INFO  o.e.m.c.i.embedder.EclipseLogger - skip non existing resourceDirectory C:\Users\Jagan Mohan Reddy\OneDrive\Desktop\GitDemo\Gitdemo\src\main\resources
2022-07-28 10:02:53,177 [Worker-2: Building] WARN  o.e.m.c.i.embedder.EclipseLogger - Using platform encoding (UTF-8 actually) to copy filtered resources, i.e. build is platform dependent!
2022-07-28 10:02:53,178 [Worker-2: Building] INFO  o.e.m.c.i.embedder.EclipseLogger - skip non existing resourceDirectory C:\Users\Jagan Mohan Reddy\OneDrive\Desktop\GitDemo\Gitdemo\src\test\resources
2022-07-28 10:02:53,765 [Worker-1: Updating Maven Dependencies] INFO  o.e.m.c.i.l.LifecycleMappingFactory - Using org.eclipse.m2e.jdt.JarLifecycleMapping lifecycle mapping for MavenProject: qaclickacademy:Mavenjava:1.0-SNAPSHOT @ C:\Users\Jagan Mohan Reddy\OneDrive\Desktop\GitDemo\Gitdemo\pom.xml.
2022-07-28 10:02:54,931 [Worker-18: Building] WARN  o.e.m.c.i.embedder.EclipseLogger - Using platform encoding (UTF-8 actually) to copy filtered resources, i.e. build is platform dependent!
2022-07-28 10:02:54,933 [Worker-18: Building] INFO  o.e.m.c.i.embedder.EclipseLogger - skip non existing resourceDirectory C:\Users\Jagan Mohan Reddy\OneDrive\Desktop\GitDemo\Gitdemo\src\main\resources
2022-07-28 10:02:54,936 [Worker-18: Building] WARN  o.e.m.c.i.embedder.EclipseLogger - Using platform encoding (UTF-8 actually) to copy filtered resources, i.e. build is platform dependent!
2022-07-28 10:02:54,937 [Worker-18: Building] INFO  o.e.m.c.i.embedder.EclipseLogger - skip non existing resourceDirectory C:\Users\Jagan Mohan Reddy\OneDrive\Desktop\GitDemo\Gitdemo\src\test\resources
2022-07-28 10:03:04,717 [Worker-20: Building] WARN  o.e.m.c.i.embedder.EclipseLogger - Using platform encoding (UTF-8 actually) to copy filtered resources, i.e. build is platform dependent!
2022-07-28 10:03:04,718 [Worker-20: Building] INFO  o.e.m.c.i.embedder.EclipseLogger - skip non existing resourceDirectory C:\Users\Jagan Mohan Reddy\OneDrive\Desktop\GitDemo\Gitdemo\src\main\resources
2022-07-28 10:03:04,721 [Worker-20: Building] WARN  o.e.m.c.i.embedder.EclipseLogger - Using platform encoding (UTF-8 actually) to copy filtered resources, i.e. build is platform dependent!
2022-07-28 10:03:04,722 [Worker-20: Building] INFO  o.e.m.c.i.embedder.EclipseLogger - skip non existing resourceDirectory C:\Users\Jagan Mohan Reddy\OneDrive\Desktop\GitDemo\Gitdemo\src\test\resources
2022-07-28 10:04:30,022 [Worker-21: Building] WARN  o.e.m.c.i.embedder.EclipseLogger - Using platform encoding (UTF-8 actually) to copy filtered resources, i.e. build is platform dependent!
2022-07-28 10:04:30,023 [Worker-21: Building] INFO  o.e.m.c.i.embedder.EclipseLogger - skip non existing resourceDirectory C:\Users\Jagan Mohan Reddy\OneDrive\Desktop\GitDemo\Gitdemo\src\main\resources
2022-07-28 10:04:30,023 [Worker-21: Building] WARN  o.e.m.c.i.embedder.EclipseLogger - Using platform encoding (UTF-8 actually) to copy filtered resources, i.e. build is platform dependent!
2022-07-28 10:04:30,024 [Worker-21: Building] INFO  o.e.m.c.i.embedder.EclipseLogger - skip non existing resourceDirectory C:\Users\Jagan Mohan Reddy\OneDrive\Desktop\GitDemo\Gitdemo\src\test\resources
2022-07-28 10:04:31,093 [Worker-23: Building] WARN  o.e.m.c.i.embedder.EclipseLogger - Using platform encoding (UTF-8 actually) to copy filtered resources, i.e. build is platform dependent!
2022-07-28 10:04:31,094 [Worker-23: Building] INFO  o.e.m.c.i.embedder.EclipseLogger - skip non existing resourceDirectory C:\Users\Jagan Mohan Reddy\OneDrive\Desktop\GitDemo\Gitdemo\src\main\resources
2022-07-28 10:04:31,095 [Worker-23: Building] WARN  o.e.m.c.i.embedder.EclipseLogger - Using platform encoding (UTF-8 actually) to copy filtered resources, i.e. build is platform dependent!
2022-07-28 10:04:31,096 [Worker-23: Building] INFO  o.e.m.c.i.embedder.EclipseLogger - skip non existing resourceDirectory C:\Users\Jagan Mohan Reddy\OneDrive\Desktop\GitDemo\Gitdemo\src\test\resources
2022-07-28 10:05:35,572 [Worker-22: Updating Maven Project] INFO  o.e.m.c.i.p.ProjectConfigurationManager - Update started
2022-07-28 10:05:35,886 [Worker-22: Updating Maven Project] INFO  o.e.m.c.i.l.LifecycleMappingFactory - Using org.eclipse.m2e.jdt.JarLifecycleMapping lifecycle mapping for MavenProject: qaclickacademy:Mavenjava:1.0-SNAPSHOT @ C:\Users\Jagan Mohan Reddy\OneDrive\Desktop\GitDemo\Gitdemo\pom.xml.
2022-07-28 10:05:36,208 [Worker-22: Updating Maven Project] INFO  o.e.m.j.i.AbstractJavaProjectConfigurator - Adding source folder /Automation/src/main/java
2022-07-28 10:05:36,209 [Worker-22: Updating Maven Project] INFO  o.e.m.j.i.AbstractJavaProjectConfigurator - Adding source folder /Automation/src/test/java
2022-07-28 10:05:36,444 [Worker-22: Updating Maven Project] INFO  o.e.m.c.i.p.ProjectConfigurationManager - Update completed: 0 sec
2022-07-28 10:05:36,997 [Worker-21: Building] WARN  o.e.m.c.i.embedder.EclipseLogger - Using platform encoding (UTF-8 actually) to copy filtered resources, i.e. build is platform dependent!
2022-07-28 10:05:36,997 [Worker-21: Building] INFO  o.e.m.c.i.embedder.EclipseLogger - skip non existing resourceDirectory C:\Users\Jagan Mohan Reddy\OneDrive\Desktop\GitDemo\Gitdemo\src\main\resources
2022-07-28 10:05:37,000 [Worker-21: Building] WARN  o.e.m.c.i.embedder.EclipseLogger - Using platform encoding (UTF-8 actually) to copy filtered resources, i.e. build is platform dependent!
2022-07-28 10:05:37,001 [Worker-21: Building] INFO  o.e.m.c.i.embedder.EclipseLogger - skip non existing resourceDirectory C:\Users\Jagan Mohan Reddy\OneDrive\Desktop\GitDemo\Gitdemo\src\test\resources
2022-07-28 10:17:12,767 [Worker-25: Building] WARN  o.e.m.c.i.embedder.EclipseLogger - Using platform encoding (UTF-8 actually) to copy filtered resources, i.e. build is platform dependent!
2022-07-28 10:17:12,768 [Worker-25: Building] INFO  o.e.m.c.i.embedder.EclipseLogger - skip non existing resourceDirectory C:\Users\Jagan Mohan Reddy\OneDrive\Desktop\GitDemo\Gitdemo\src\main\resources
2022-07-28 10:17:12,769 [Worker-25: Building] WARN  o.e.m.c.i.embedder.EclipseLogger - Using platform encoding (UTF-8 actually) to copy filtered resources, i.e. build is platform dependent!
2022-07-28 10:17:12,770 [Worker-25: Building] INFO  o.e.m.c.i.embedder.EclipseLogger - skip non existing resourceDirectory C:\Users\Jagan Mohan Reddy\OneDrive\Desktop\GitDemo\Gitdemo\src\test\resources
2022-07-28 10:17:52,628 [Worker-26: Updating Maven Project] INFO  o.e.m.c.i.p.ProjectConfigurationManager - Update started
2022-07-28 10:17:53,013 [Worker-26: Updating Maven Project] INFO  o.e.m.c.i.l.LifecycleMappingFactory - Using org.eclipse.m2e.jdt.JarLifecycleMapping lifecycle mapping for MavenProject: qaclickacademy:Mavenjava:1.0-SNAPSHOT @ C:\Users\Jagan Mohan Reddy\OneDrive\Desktop\GitDemo\Gitdemo\pom.xml.
2022-07-28 10:17:53,344 [Worker-26: Updating Maven Project] INFO  o.e.m.j.i.AbstractJavaProjectConfigurator - Adding source folder /Automation/src/main/java
2022-07-28 10:17:53,345 [Worker-26: Updating Maven Project] INFO  o.e.m.j.i.AbstractJavaProjectConfigurator - Adding source folder /Automation/src/test/java
2022-07-28 10:17:53,470 [Worker-26: Updating Maven Project] INFO  o.e.m.c.i.p.ProjectConfigurationManager - Update completed: 0 sec
2022-07-28 10:17:53,935 [Worker-29: Building] WARN  o.e.m.c.i.embedder.EclipseLogger - Using platform encoding (UTF-8 actually) to copy filtered resources, i.e. build is platform dependent!
2022-07-28 10:17:53,936 [Worker-29: Building] INFO  o.e.m.c.i.embedder.EclipseLogger - skip non existing resourceDirectory C:\Users\Jagan Mohan Reddy\OneDrive\Desktop\GitDemo\Gitdemo\src\main\resources
2022-07-28 10:17:53,938 [Worker-29: Building] WARN  o.e.m.c.i.embedder.EclipseLogger - Using platform encoding (UTF-8 actually) to copy filtered resources, i.e. build is platform dependent!
2022-07-28 10:17:53,939 [Worker-29: Building] INFO  o.e.m.c.i.embedder.EclipseLogger - skip non existing resourceDirectory C:\Users\Jagan Mohan Reddy\OneDrive\Desktop\GitDemo\Gitdemo\src\test\resources
2022-07-28 10:21:15,978 [Worker-34: Building] WARN  o.e.m.c.i.embedder.EclipseLogger - Using platform encoding (UTF-8 actually) to copy filtered resources, i.e. build is platform dependent!
2022-07-28 10:21:15,979 [Worker-34: Building] INFO  o.e.m.c.i.embedder.EclipseLogger - skip non existing resourceDirectory C:\Users\Jagan Mohan Reddy\OneDrive\Desktop\GitDemo\Gitdemo\src\main\resources
2022-07-28 10:21:15,980 [Worker-34: Building] WARN  o.e.m.c.i.embedder.EclipseLogger - Using platform encoding (UTF-8 actually) to copy filtered resources, i.e. build is platform dependent!
2022-07-28 10:21:15,980 [Worker-34: Building] INFO  o.e.m.c.i.embedder.EclipseLogger - skip non existing resourceDirectory C:\Users\Jagan Mohan Reddy\OneDrive\Desktop\GitDemo\Gitdemo\src\test\resources
2022-07-28 10:21:17,043 [Worker-35: Building] WARN  o.e.m.c.i.embedder.EclipseLogger - Using platform encoding (UTF-8 actually) to copy filtered resources, i.e. build is platform dependent!
2022-07-28 10:21:17,044 [Worker-35: Building] INFO  o.e.m.c.i.embedder.EclipseLogger - skip non existing resourceDirectory C:\Users\Jagan Mohan Reddy\OneDrive\Desktop\GitDemo\Gitdemo\src\main\resources
2022-07-28 10:21:17,044 [Worker-35: Building] WARN  o.e.m.c.i.embedder.EclipseLogger - Using platform encoding (UTF-8 actually) to copy filtered resources, i.e. build is platform dependent!
2022-07-28 10:21:17,045 [Worker-35: Building] INFO  o.e.m.c.i.embedder.EclipseLogger - skip non existing resourceDirectory C:\Users\Jagan Mohan Reddy\OneDrive\Desktop\GitDemo\Gitdemo\src\test\resources
2022-07-28 10:21:30,007 [Worker-30: Updating Maven Project] INFO  o.e.m.c.i.p.ProjectConfigurationManager - Update started
2022-07-28 10:21:30,309 [Worker-30: Updating Maven Project] INFO  o.e.m.c.i.l.LifecycleMappingFactory - Using org.eclipse.m2e.jdt.JarLifecycleMapping lifecycle mapping for MavenProject: qaclickacademy:Mavenjava:1.0-SNAPSHOT @ C:\Users\Jagan Mohan Reddy\OneDrive\Desktop\GitDemo\Gitdemo\pom.xml.
2022-07-28 10:21:30,580 [Worker-30: Updating Maven Project] INFO  o.e.m.j.i.AbstractJavaProjectConfigurator - Adding source folder /Automation/src/main/java
2022-07-28 10:21:30,581 [Worker-30: Updating Maven Project] INFO  o.e.m.j.i.AbstractJavaProjectConfigurator - Adding source folder /Automation/src/test/java
2022-07-28 10:21:30,707 [Worker-30: Updating Maven Project] INFO  o.e.m.c.i.p.ProjectConfigurationManager - Update completed: 0 sec
2022-07-28 10:21:31,128 [Worker-32: Building] WARN  o.e.m.c.i.embedder.EclipseLogger - Using platform encoding (UTF-8 actually) to copy filtered resources, i.e. build is platform dependent!
2022-07-28 10:21:31,129 [Worker-32: Building] INFO  o.e.m.c.i.embedder.EclipseLogger - skip non existing resourceDirectory C:\Users\Jagan Mohan Reddy\OneDrive\Desktop\GitDemo\Gitdemo\src\main\resources
2022-07-28 10:21:31,130 [Worker-32: Building] WARN  o.e.m.c.i.embedder.EclipseLogger - Using platform encoding (UTF-8 actually) to copy filtered resources, i.e. build is platform dependent!
2022-07-28 10:21:31,131 [Worker-32: Building] INFO  o.e.m.c.i.embedder.EclipseLogger - skip non existing resourceDirectory C:\Users\Jagan Mohan Reddy\OneDrive\Desktop\GitDemo\Gitdemo\src\test\resources
